2020-03-07T16:57:34.678Z - info: ---> Commands File.
2020-03-07T16:57:41.168Z - info: Kittan: Зашел на сервер.
2020-03-07T17:17:01.746Z - info: ---> Commands File.
2020-03-07T17:17:05.804Z - info: Kittan: Зашел на сервер.
2020-03-07T17:24:18.852Z - info: ---> Commands File.
2020-03-07T17:24:24.123Z - info: Kittan: Зашел на сервер.
2020-03-07T17:25:16.717Z - info: ---> Commands File.
2020-03-07T17:25:20.868Z - info: Kittan: Зашел на сервер.
2020-03-07T17:36:52.729Z - info: ---> Commands File.
2020-03-07T17:36:55.867Z - info: Kittan: Зашел на сервер.
2020-03-07T17:47:21.493Z - info: ---> Commands File.
2020-03-07T17:47:25.598Z - info: Kittan: Зашел на сервер.
2020-03-07T17:48:58.897Z - info: ---> Commands File.
2020-03-07T17:49:03.104Z - info: Kittan: Зашел на сервер.
2020-03-07T17:49:38.230Z - info: ---> Commands File.
2020-03-07T17:49:41.609Z - info: Kittan: Зашел на сервер.
2020-03-07T17:50:25.173Z - info: ---> Commands File.
2020-03-07T17:50:30.291Z - info: Kittan: Зашел на сервер.
2020-03-07T17:53:27.244Z - info: ---> Commands File.
2020-03-07T17:53:31.498Z - info: Kittan: Зашел на сервер.
2020-03-07T17:57:49.556Z - info: ---> Commands File.
2020-03-07T17:57:53.652Z - info: Kittan: Зашел на сервер.
2020-03-07T18:00:03.624Z - info: ---> Commands File.
2020-03-07T18:00:08.061Z - info: Kittan: Зашел на сервер.
2020-03-07T18:01:20.475Z - info: ---> Commands File.
2020-03-07T18:01:25.894Z - info: Kittan: Зашел на сервер.
2020-03-07T18:07:15.158Z - info: ---> Commands File.
2020-03-07T18:07:20.038Z - info: Kittan: Зашел на сервер.
2020-03-07T18:15:07.008Z - info: ---> Commands File.
2020-03-07T18:15:10.444Z - info: Kittan: Зашел на сервер.
2020-03-07T18:15:32.174Z - info: vehicles
2020-03-07T18:15:33.125Z - info: vehicles
2020-03-07T18:15:33.576Z - info: vehicles
2020-03-07T18:15:34.751Z - info: vehicles
2020-03-07T18:26:30.335Z - info: vehicles
2020-03-07T18:26:30.919Z - info: vehicles
2020-03-07T18:26:31.580Z - info: vehicles
2020-03-07T18:26:32.046Z - info: vehicles
2020-03-07T18:26:32.912Z - info: vehicles
2020-03-07T18:26:33.245Z - info: vehicles
2020-03-07T18:26:34.156Z - info: vehicles
2020-03-07T18:26:45.135Z - info: vehicles
2020-03-07T19:50:35.171Z - info: ---> Commands File.
2020-03-07T19:50:38.228Z - info: Kittan: Зашел на сервер.
2020-03-07T19:51:03.241Z - info: vehicles
2020-03-07T19:51:04.567Z - info: vehicles
2020-03-07T19:51:28.177Z - info: { ValidationError: VehicleSpawn validation failed: color: Cast to Array failed for value "[ NaN, NaN, NaN, NaN, NaN, NaN ]" at path "color"
    at ValidationError.inspect (B:\gta 5\project\server-files\node_modules\mongoose\lib\error\validation.js:61:24)
    at formatValue (util.js:561:31)
    at inspect (util.js:371:10)
    at formatWithOptions (util.js:225:12)
    at Function.format (util.js:213:10)
    at TerminalManager._formatArgs (B:\gta 5\project\server-files\src\server\libs\modules\_rage-console\terminal\TerminalManager.js:64:25)
    at Proxy.global.console.log (B:\gta 5\project\server-files\src\server\libs\modules\_rage-console\index.js:13:50)
    at B:\gta 5\project\server-files\packages\DAYZ\car\Car.js:52:66
    at process._tickCallback (internal/process/next_tick.js:68:7)
  errors:
   { color:
      { CastError: Cast to Array failed for value "[ NaN, NaN, NaN, NaN, NaN, NaN ]" at path "color"
          at new CastError (B:\gta 5\project\server-files\node_modules\mongoose\lib\error\cast.js:39:11)
          at model.$set (B:\gta 5\project\server-files\node_modules\mongoose\lib\document.js:1236:9)
          at model._handleIndex (B:\gta 5\project\server-files\node_modules\mongoose\lib\document.js:970:14)
          at model.$set (B:\gta 5\project\server-files\node_modules\mongoose\lib\document.js:912:22)
          at model.Document (B:\gta 5\project\server-files\node_modules\mongoose\lib\document.js:138:12)
          at model.Model (B:\gta 5\project\server-files\node_modules\mongoose\lib\model.js:104:12)
          at new model (B:\gta 5\project\server-files\node_modules\mongoose\lib\model.js:4649:15)
          at Function.Car.saveCar (B:\gta 5\project\server-files\packages\DAYZ\car\Car.js:93:19)
          at B:\gta 5\project\server-files\packages\DAYZ\car\commands.js:18:39
        stringValue: '"[ NaN, NaN, NaN, NaN, NaN, NaN ]"',
        kind: 'Array',
        value: [Array],
        path: 'color',
        reason: [MongooseError],
        message:
         'Cast to Array failed for value "[ NaN, NaN, NaN, NaN, NaN, NaN ]" at path "color"',
        name: 'CastError' } },
  _message: 'VehicleSpawn validation failed',
  name: 'ValidationError' }
2020-03-07T19:51:28.177Z - info: undefined
2020-03-07T19:53:39.173Z - info: { ValidationError: VehicleSpawn validation failed: color: Cast to Array failed for value "[ NaN, NaN, NaN, NaN, NaN, NaN ]" at path "color"
    at ValidationError.inspect (B:\gta 5\project\server-files\node_modules\mongoose\lib\error\validation.js:61:24)
    at formatValue (util.js:561:31)
    at inspect (util.js:371:10)
    at formatWithOptions (util.js:225:12)
    at Function.format (util.js:213:10)
    at TerminalManager._formatArgs (B:\gta 5\project\server-files\src\server\libs\modules\_rage-console\terminal\TerminalManager.js:64:25)
    at Proxy.global.console.log (B:\gta 5\project\server-files\src\server\libs\modules\_rage-console\index.js:13:50)
    at B:\gta 5\project\server-files\packages\DAYZ\car\Car.js:52:66
    at process._tickCallback (internal/process/next_tick.js:68:7)
  errors:
   { color:
      { CastError: Cast to Array failed for value "[ NaN, NaN, NaN, NaN, NaN, NaN ]" at path "color"
          at new CastError (B:\gta 5\project\server-files\node_modules\mongoose\lib\error\cast.js:39:11)
          at model.$set (B:\gta 5\project\server-files\node_modules\mongoose\lib\document.js:1236:9)
          at model._handleIndex (B:\gta 5\project\server-files\node_modules\mongoose\lib\document.js:970:14)
          at model.$set (B:\gta 5\project\server-files\node_modules\mongoose\lib\document.js:912:22)
          at model.Document (B:\gta 5\project\server-files\node_modules\mongoose\lib\document.js:138:12)
          at model.Model (B:\gta 5\project\server-files\node_modules\mongoose\lib\model.js:104:12)
          at new model (B:\gta 5\project\server-files\node_modules\mongoose\lib\model.js:4649:15)
          at Function.Car.saveCar (B:\gta 5\project\server-files\packages\DAYZ\car\Car.js:93:19)
          at B:\gta 5\project\server-files\packages\DAYZ\car\commands.js:18:39
        stringValue: '"[ NaN, NaN, NaN, NaN, NaN, NaN ]"',
        kind: 'Array',
        value: [Array],
        path: 'color',
        reason: [MongooseError],
        message:
         'Cast to Array failed for value "[ NaN, NaN, NaN, NaN, NaN, NaN ]" at path "color"',
        name: 'CastError' } },
  _message: 'VehicleSpawn validation failed',
  name: 'ValidationError' }
2020-03-07T19:53:39.174Z - info: undefined
2020-03-07T19:55:08.674Z - info: ---> Commands File.
2020-03-07T19:55:12.996Z - info: Kittan: Зашел на сервер.
2020-03-07T19:55:33.136Z - info: { ValidationError: VehicleSpawn validation failed: color: Cast to Array failed for value "[ NaN, NaN, NaN, NaN, NaN, NaN ]" at path "color"
    at ValidationError.inspect (B:\gta 5\project\server-files\node_modules\mongoose\lib\error\validation.js:61:24)
    at formatValue (util.js:561:31)
    at inspect (util.js:371:10)
    at formatWithOptions (util.js:225:12)
    at Function.format (util.js:213:10)
    at TerminalManager._formatArgs (B:\gta 5\project\server-files\src\server\libs\modules\_rage-console\terminal\TerminalManager.js:64:25)
    at Proxy.global.console.log (B:\gta 5\project\server-files\src\server\libs\modules\_rage-console\index.js:13:50)
    at B:\gta 5\project\server-files\packages\DAYZ\car\Car.js:52:66
    at process._tickCallback (internal/process/next_tick.js:68:7)
  errors:
   { color:
      { CastError: Cast to Array failed for value "[ NaN, NaN, NaN, NaN, NaN, NaN ]" at path "color"
          at new CastError (B:\gta 5\project\server-files\node_modules\mongoose\lib\error\cast.js:39:11)
          at model.$set (B:\gta 5\project\server-files\node_modules\mongoose\lib\document.js:1236:9)
          at model._handleIndex (B:\gta 5\project\server-files\node_modules\mongoose\lib\document.js:970:14)
          at model.$set (B:\gta 5\project\server-files\node_modules\mongoose\lib\document.js:912:22)
          at model.Document (B:\gta 5\project\server-files\node_modules\mongoose\lib\document.js:138:12)
          at model.Model (B:\gta 5\project\server-files\node_modules\mongoose\lib\model.js:104:12)
          at new model (B:\gta 5\project\server-files\node_modules\mongoose\lib\model.js:4649:15)
          at Function.Car.saveCar (B:\gta 5\project\server-files\packages\DAYZ\car\Car.js:93:19)
          at B:\gta 5\project\server-files\packages\DAYZ\car\commands.js:18:39
        stringValue: '"[ NaN, NaN, NaN, NaN, NaN, NaN ]"',
        kind: 'Array',
        value: [Array],
        path: 'color',
        reason: [MongooseError],
        message:
         'Cast to Array failed for value "[ NaN, NaN, NaN, NaN, NaN, NaN ]" at path "color"',
        name: 'CastError' } },
  _message: 'VehicleSpawn validation failed',
  name: 'ValidationError' }
2020-03-07T19:55:33.142Z - info: undefined
2020-03-07T19:58:08.142Z - info: ---> Commands File.
2020-03-07T19:58:11.407Z - info: Kittan: Зашел на сервер.
2020-03-07T19:58:19.117Z - info: undefined
2020-03-07T19:58:19.186Z - info: { ValidationError: VehicleSpawn validation failed: color: Cast to Array failed for value "[ NaN, NaN, NaN, NaN, NaN, NaN ]" at path "color"
    at ValidationError.inspect (B:\gta 5\project\server-files\node_modules\mongoose\lib\error\validation.js:61:24)
    at formatValue (util.js:561:31)
    at inspect (util.js:371:10)
    at formatWithOptions (util.js:225:12)
    at Function.format (util.js:213:10)
    at TerminalManager._formatArgs (B:\gta 5\project\server-files\src\server\libs\modules\_rage-console\terminal\TerminalManager.js:64:25)
    at Proxy.global.console.log (B:\gta 5\project\server-files\src\server\libs\modules\_rage-console\index.js:13:50)
    at B:\gta 5\project\server-files\packages\DAYZ\car\Car.js:52:66
    at process._tickCallback (internal/process/next_tick.js:68:7)
  errors:
   { color:
      { CastError: Cast to Array failed for value "[ NaN, NaN, NaN, NaN, NaN, NaN ]" at path "color"
          at new CastError (B:\gta 5\project\server-files\node_modules\mongoose\lib\error\cast.js:39:11)
          at model.$set (B:\gta 5\project\server-files\node_modules\mongoose\lib\document.js:1236:9)
          at model._handleIndex (B:\gta 5\project\server-files\node_modules\mongoose\lib\document.js:970:14)
          at model.$set (B:\gta 5\project\server-files\node_modules\mongoose\lib\document.js:912:22)
          at model.Document (B:\gta 5\project\server-files\node_modules\mongoose\lib\document.js:138:12)
          at model.Model (B:\gta 5\project\server-files\node_modules\mongoose\lib\model.js:104:12)
          at new model (B:\gta 5\project\server-files\node_modules\mongoose\lib\model.js:4649:15)
          at Function.Car.saveCar (B:\gta 5\project\server-files\packages\DAYZ\car\Car.js:93:19)
          at B:\gta 5\project\server-files\packages\DAYZ\car\commands.js:18:39
        stringValue: '"[ NaN, NaN, NaN, NaN, NaN, NaN ]"',
        kind: 'Array',
        value: [Array],
        path: 'color',
        reason: [MongooseError],
        message:
         'Cast to Array failed for value "[ NaN, NaN, NaN, NaN, NaN, NaN ]" at path "color"',
        name: 'CastError' } },
  _message: 'VehicleSpawn validation failed',
  name: 'ValidationError' }
2020-03-07T19:58:19.186Z - info: undefined
